2023-11-22 14:52:55,179 - __main__ - INFO - Processing raw/2960889.csv
2023-11-22 14:52:56,350 - __main__ - INFO - Creating new File: 725650 - 10yr (2012-2021) - DENVER INTL, Colorado, United States
2023-11-22 14:52:56,517 - __main__ - INFO - Processing raw/2957019.csv
2023-11-22 14:52:57,668 - __main__ - INFO - Creating new File: 723270 - 10yr (2012-2021) - NASHVILLE INTL, Tennessee, United States
2023-11-22 14:56:39,524 - __main__ - INFO - Processing raw/2960889.csv
2023-11-22 14:56:40,628 - __main__ - INFO - Creating new File: 725650 - 10yr (2012-2021) - DENVER INTL, Colorado, United States
2023-11-22 14:56:40,794 - __main__ - INFO - Processing raw/2957019.csv
2023-11-22 14:56:41,926 - __main__ - INFO - Creating new File: 723270 - 10yr (2012-2021) - NASHVILLE INTL, Tennessee, United States
2023-11-22 15:05:59,841 - __main__ - INFO - Processing raw/2960889.csv
2023-11-22 15:06:00,974 - __main__ - INFO - Creating new File: 725650 - 10yr (2012-2021) - DENVER INTL, Colorado, United States
2023-11-22 15:06:01,150 - __main__ - INFO - Processing raw/2983775.csv
2023-11-22 15:06:02,313 - __main__ - INFO - Creating new File: 726375 - 10yr (2012-2021) - OAKLAND COUNTY INTL, Michigan, United States
2023-11-22 15:06:02,529 - __main__ - INFO - Processing raw/2957019.csv
2023-11-22 15:06:03,601 - __main__ - INFO - Creating new File: 723270 - 10yr (2012-2021) - NASHVILLE INTL, Tennessee, United States
2023-11-22 15:06:03,811 - __main__ - INFO - Processing raw/2974635.csv
2023-11-22 15:06:04,824 - __main__ - INFO - Creating new File: 725250 - 10yr (2012-2021) - YOUNGSTOWN-WARREN, Ohio, United States
2023-11-22 15:06:05,032 - __main__ - INFO - Processing raw/2974697.csv
2023-11-22 15:06:06,120 - __main__ - INFO - Creating new File: 725390 - 10yr (2012-2021) - LANSING, Michigan, United States
2023-11-22 15:09:23,199 - __main__ - INFO - Processing raw/2994620.csv
2023-11-22 15:09:24,360 - __main__ - INFO - Creating new File: 725330 - 10yr (2012-2021) - FORT WAYNE INTL, Indiana, United States
2023-11-22 15:09:24,568 - __main__ - INFO - Processing raw/2994395.csv
2023-11-22 15:09:25,655 - __main__ - INFO - Creating new File: 722590 - 10yr (2012-2021) - DALLAS FORT WORTH, Texas, United States
2023-11-22 15:09:25,847 - __main__ - INFO - Processing raw/2994597.csv
2023-11-22 15:09:26,724 - __main__ - INFO - Creating new File: 746716 - 10yr (2012-2021) - BOWLING GREEN, Kentucky, United States
2023-11-22 15:09:26,922 - __main__ - INFO - Processing raw/2995494.csv
2023-11-22 15:09:27,881 - __main__ - INFO - Creating new File: 724463 - 10yr (2012-2021) - KANSAS CITY WHEELER, Missouri, United States
2023-11-22 15:09:28,075 - __main__ - INFO - Processing raw/2994603.csv
2023-11-22 15:09:29,079 - __main__ - INFO - Creating new File: 724340 - 10yr (2012-2021) - ST LOUIS LAMBERT, Missouri, United States
